{
  "RSpec": {
    "coverage": {
      "/Users/chrishewitt/Turing/3mod/rails_engine_lite/rails-engine/app/models/customer.rb": {
        "lines": [
          1,
          1,
          1,
          1,
          1,
          null
        ]
      },
      "/Users/chrishewitt/Turing/3mod/rails_engine_lite/rails-engine/app/models/application_record.rb": {
        "lines": [
          1,
          1,
          null
        ]
      },
      "/Users/chrishewitt/Turing/3mod/rails_engine_lite/rails-engine/spec/models/invoice_item_spec.rb": {
        "lines": [
          1,
          null,
          1,
          1,
          2,
          2,
          null,
          null
        ]
      },
      "/Users/chrishewitt/Turing/3mod/rails_engine_lite/rails-engine/app/models/invoice_item.rb": {
        "lines": [
          1,
          1,
          1,
          null
        ]
      },
      "/Users/chrishewitt/Turing/3mod/rails_engine_lite/rails-engine/spec/models/invoice_spec.rb": {
        "lines": [
          1,
          null,
          1,
          1,
          2,
          2,
          null,
          2,
          2,
          null,
          null
        ]
      },
      "/Users/chrishewitt/Turing/3mod/rails_engine_lite/rails-engine/app/models/invoice.rb": {
        "lines": [
          1,
          1,
          1,
          null,
          1,
          1,
          1,
          null
        ]
      },
      "/Users/chrishewitt/Turing/3mod/rails_engine_lite/rails-engine/spec/models/item_spec.rb": {
        "lines": [
          1,
          null,
          1,
          1,
          2,
          2,
          2,
          null,
          null
        ]
      },
      "/Users/chrishewitt/Turing/3mod/rails_engine_lite/rails-engine/app/models/item.rb": {
        "lines": [
          1,
          1,
          1,
          1,
          null
        ]
      },
      "/Users/chrishewitt/Turing/3mod/rails_engine_lite/rails-engine/spec/models/merchant_spec.rb": {
        "lines": [
          1,
          null,
          1,
          1,
          1,
          1,
          null,
          null,
          1,
          2,
          2,
          2,
          2,
          2,
          null,
          null
        ]
      },
      "/Users/chrishewitt/Turing/3mod/rails_engine_lite/rails-engine/app/models/merchant.rb": {
        "lines": [
          1,
          null,
          1,
          1,
          1,
          1,
          1,
          null,
          null
        ]
      },
      "/Users/chrishewitt/Turing/3mod/rails_engine_lite/rails-engine/spec/models/transaction_spec.rb": {
        "lines": [
          1,
          null,
          1,
          1,
          2,
          null,
          null
        ]
      },
      "/Users/chrishewitt/Turing/3mod/rails_engine_lite/rails-engine/app/models/transaction.rb": {
        "lines": [
          1,
          1,
          null
        ]
      },
      "/Users/chrishewitt/Turing/3mod/rails_engine_lite/rails-engine/spec/requests/api/v1/items_request_spec.rb": {
        "lines": [
          1,
          1,
          8,
          8,
          null,
          8,
          8,
          8,
          8,
          8,
          8,
          null,
          null,
          null,
          1,
          null,
          1,
          null,
          1,
          null,
          1,
          null,
          1,
          null,
          1,
          6,
          6,
          null,
          6,
          6,
          null,
          6,
          6,
          null,
          6,
          6,
          null,
          6,
          6,
          null,
          6,
          6,
          null,
          null,
          null,
          null,
          1,
          1,
          null,
          1,
          null,
          1,
          null,
          1,
          1,
          null,
          1,
          1,
          1,
          null,
          1,
          1,
          1,
          null,
          1,
          1,
          1,
          null,
          1,
          1,
          1,
          null,
          null,
          1,
          1,
          1,
          null,
          1,
          1,
          null,
          null,
          null,
          1,
          null,
          1,
          null,
          1,
          null,
          1,
          1,
          null,
          1,
          null,
          1,
          1,
          1,
          null,
          1,
          1,
          1,
          null,
          null,
          1,
          null,
          1,
          null,
          1,
          null,
          1,
          1,
          null,
          1,
          null,
          1,
          1,
          null,
          null,
          1,
          null,
          1,
          null,
          null,
          null,
          null,
          1,
          1,
          null,
          1,
          null,
          1,
          1,
          null,
          1,
          1,
          1,
          1,
          null,
          null,
          1,
          1,
          1,
          null,
          1,
          null,
          1,
          1,
          2,
          null,
          null
        ]
      },
      "/Users/chrishewitt/Turing/3mod/rails_engine_lite/rails-engine/spec/requests/api/v1/merchants_request_spec.rb": {
        "lines": [
          1,
          1,
          null,
          1,
          1,
          null,
          1,
          null,
          1,
          null,
          1,
          null,
          null,
          1,
          null,
          1,
          5,
          5,
          null,
          5,
          5,
          null,
          5,
          5,
          null,
          null,
          null,
          null,
          1,
          1,
          1,
          1,
          1,
          null,
          null,
          1,
          1,
          1,
          null,
          1,
          null,
          1,
          null,
          1,
          1,
          null,
          1,
          1,
          1,
          null,
          null,
          1,
          0,
          0,
          0,
          0,
          0,
          null,
          null
        ]
      },
      "/Users/chrishewitt/Turing/3mod/rails_engine_lite/rails-engine/app/controllers/api/v1/items_controller.rb": {
        "lines": [
          1,
          null,
          1,
          1,
          null,
          null,
          1,
          2,
          null,
          null,
          1,
          2,
          null,
          null,
          1,
          1,
          null,
          null,
          1,
          1,
          null,
          null,
          1,
          1,
          3,
          null,
          null
        ]
      },
      "/Users/chrishewitt/Turing/3mod/rails_engine_lite/rails-engine/app/controllers/application_controller.rb": {
        "lines": [
          1,
          1,
          1,
          null
        ]
      },
      "/Users/chrishewitt/Turing/3mod/rails_engine_lite/rails-engine/app/controllers/concerns/response.rb": {
        "lines": [
          1,
          null,
          1,
          6,
          1,
          5,
          1,
          null,
          4,
          null,
          null,
          null,
          1,
          1,
          0,
          1,
          0,
          null,
          1,
          null,
          null,
          null
        ]
      },
      "/Users/chrishewitt/Turing/3mod/rails_engine_lite/rails-engine/app/controllers/concerns/exception_handler.rb": {
        "lines": [
          1,
          1,
          null,
          1,
          1,
          1,
          null,
          null,
          1,
          0,
          null,
          null,
          null
        ]
      },
      "/Users/chrishewitt/Turing/3mod/rails_engine_lite/rails-engine/app/serializers/item_serializer.rb": {
        "lines": [
          1,
          1,
          1,
          1,
          1,
          null
        ]
      },
      "/Users/chrishewitt/Turing/3mod/rails_engine_lite/rails-engine/app/controllers/api/v1/merchants_controller.rb": {
        "lines": [
          1,
          null,
          1,
          2,
          null,
          null,
          1,
          1,
          null,
          null,
          null,
          null
        ]
      },
      "/Users/chrishewitt/Turing/3mod/rails_engine_lite/rails-engine/app/serializers/merchant_serializer.rb": {
        "lines": [
          1,
          1,
          1,
          1,
          1,
          null,
          null
        ]
      }
    },
    "timestamp": 1644367495
  }
}
