{
  "RSpec": {
    "coverage": {
      "/Users/chrishewitt/Turing/3mod/rails_engine_lite/rails-engine/app/models/merchant.rb": {
        "lines": [
          1,
          null,
          1,
          1,
          1,
          1,
          1,
          null,
          null
        ]
      },
      "/Users/chrishewitt/Turing/3mod/rails_engine_lite/rails-engine/app/models/application_record.rb": {
        "lines": [
          1,
          1,
          null
        ]
      },
      "/Users/chrishewitt/Turing/3mod/rails_engine_lite/rails-engine/app/models/item.rb": {
        "lines": [
          1,
          1,
          1,
          1,
          null
        ]
      },
      "/Users/chrishewitt/Turing/3mod/rails_engine_lite/rails-engine/app/controllers/api/v1/item_merchant_controller.rb": {
        "lines": [
          1,
          null,
          1,
          2,
          1,
          1,
          null,
          1,
          null,
          null,
          null
        ]
      },
      "/Users/chrishewitt/Turing/3mod/rails_engine_lite/rails-engine/app/controllers/application_controller.rb": {
        "lines": [
          1,
          1,
          1,
          null
        ]
      },
      "/Users/chrishewitt/Turing/3mod/rails_engine_lite/rails-engine/app/controllers/concerns/response.rb": {
        "lines": [
          1,
          null,
          1,
          1,
          0,
          1,
          0,
          1,
          0,
          1,
          1,
          null,
          null,
          null
        ]
      },
      "/Users/chrishewitt/Turing/3mod/rails_engine_lite/rails-engine/app/controllers/concerns/exception_handler.rb": {
        "lines": [
          1,
          1,
          null,
          1,
          1,
          0,
          null,
          null,
          1,
          0,
          null,
          null,
          null
        ]
      },
      "/Users/chrishewitt/Turing/3mod/rails_engine_lite/rails-engine/app/serializers/merchant_serializer.rb": {
        "lines": [
          1,
          1,
          1,
          1,
          1,
          null,
          null
        ]
      }
    },
    "timestamp": 1644389609
  }
}
